events.js:377
      throw er; // Unhandled 'error' event
      ^

Error: listen EADDRINUSE: address already in use 162.0.217.156:21098
    at Server.setupListenHandle [as _listen2] (net.js:1331:16)
    at listenInCluster (net.js:1379:12)
    at GetAddrInfoReqWrap.doListen [as callback] (net.js:1516:7)
    at GetAddrInfoReqWrap.onlookup [as oncomplete] (dns.js:73:8)
Emitted 'error' event on Server instance at:
    at emitErrorNT (net.js:1358:8)
    at processTicksAndRejections (internal/process/task_queues.js:82:21) {
  code: 'EADDRINUSE',
  errno: -98,
  syscall: 'listen',
  address: '162.0.217.156',
  port: 21098
}
events.js:377
      throw er; // Unhandled 'error' event
      ^

Error: listen EADDRINUSE: address already in use 162.0.217.156:21098
    at Server.setupListenHandle [as _listen2] (net.js:1331:16)
    at listenInCluster (net.js:1379:12)
    at GetAddrInfoReqWrap.doListen [as callback] (net.js:1516:7)
    at GetAddrInfoReqWrap.onlookup [as oncomplete] (dns.js:73:8)
Emitted 'error' event on Server instance at:
    at emitErrorNT (net.js:1358:8)
    at processTicksAndRejections (internal/process/task_queues.js:82:21) {
  code: 'EADDRINUSE',
  errno: -98,
  syscall: 'listen',
  address: '162.0.217.156',
  port: 21098
}
events.js:377
      throw er; // Unhandled 'error' event
      ^

Error: listen EADDRINUSE: address already in use 162.0.217.156:21098
    at Server.setupListenHandle [as _listen2] (net.js:1331:16)
    at listenInCluster (net.js:1379:12)
    at GetAddrInfoReqWrap.doListen [as callback] (net.js:1516:7)
    at GetAddrInfoReqWrap.onlookup [as oncomplete] (dns.js:73:8)
Emitted 'error' event on Server instance at:
    at emitErrorNT (net.js:1358:8)
    at processTicksAndRejections (internal/process/task_queues.js:82:21) {
  code: 'EADDRINUSE',
  errno: -98,
  syscall: 'listen',
  address: '162.0.217.156',
  port: 21098
}
events.js:377
      throw er; // Unhandled 'error' event
      ^

Error: listen EADDRINUSE: address already in use 162.0.217.156:21098
    at Server.setupListenHandle [as _listen2] (net.js:1331:16)
    at listenInCluster (net.js:1379:12)
    at GetAddrInfoReqWrap.doListen [as callback] (net.js:1516:7)
    at GetAddrInfoReqWrap.onlookup [as oncomplete] (dns.js:73:8)
Emitted 'error' event on Server instance at:
    at emitErrorNT (net.js:1358:8)
    at processTicksAndRejections (internal/process/task_queues.js:82:21) {
  code: 'EADDRINUSE',
  errno: -98,
  syscall: 'listen',
  address: '162.0.217.156',
  port: 21098
}
events.js:377
      throw er; // Unhandled 'error' event
      ^

Error: listen EADDRINUSE: address already in use 162.0.217.156:21098
    at Server.setupListenHandle [as _listen2] (net.js:1331:16)
    at listenInCluster (net.js:1379:12)
    at GetAddrInfoReqWrap.doListen [as callback] (net.js:1516:7)
    at GetAddrInfoReqWrap.onlookup [as oncomplete] (dns.js:73:8)
Emitted 'error' event on Server instance at:
    at emitErrorNT (net.js:1358:8)
    at processTicksAndRejections (internal/process/task_queues.js:82:21) {
  code: 'EADDRINUSE',
  errno: -98,
  syscall: 'listen',
  address: '162.0.217.156',
  port: 21098
}
events.js:377
      throw er; // Unhandled 'error' event
      ^

Error: listen EADDRINUSE: address already in use 162.0.217.156:21098
    at Server.setupListenHandle [as _listen2] (net.js:1331:16)
    at listenInCluster (net.js:1379:12)
    at GetAddrInfoReqWrap.doListen [as callback] (net.js:1516:7)
    at GetAddrInfoReqWrap.onlookup [as oncomplete] (dns.js:73:8)
Emitted 'error' event on Server instance at:
    at emitErrorNT (net.js:1358:8)
    at processTicksAndRejections (internal/process/task_queues.js:82:21) {
  code: 'EADDRINUSE',
  errno: -98,
  syscall: 'listen',
  address: '162.0.217.156',
  port: 21098
}
events.js:377
      throw er; // Unhandled 'error' event
      ^

Error: listen EADDRINUSE: address already in use 162.0.217.156:21098
    at Server.setupListenHandle [as _listen2] (net.js:1331:16)
    at listenInCluster (net.js:1379:12)
    at GetAddrInfoReqWrap.doListen [as callback] (net.js:1516:7)
    at GetAddrInfoReqWrap.onlookup [as oncomplete] (dns.js:73:8)
Emitted 'error' event on Server instance at:
    at emitErrorNT (net.js:1358:8)
    at processTicksAndRejections (internal/process/task_queues.js:82:21) {
  code: 'EADDRINUSE',
  errno: -98,
  syscall: 'listen',
  address: '162.0.217.156',
  port: 21098
}
events.js:377
      throw er; // Unhandled 'error' event
      ^

Error: listen EADDRINUSE: address already in use 162.0.217.156:21098
    at Server.setupListenHandle [as _listen2] (net.js:1331:16)
    at listenInCluster (net.js:1379:12)
    at GetAddrInfoReqWrap.doListen [as callback] (net.js:1516:7)
    at GetAddrInfoReqWrap.onlookup [as oncomplete] (dns.js:73:8)
Emitted 'error' event on Server instance at:
    at emitErrorNT (net.js:1358:8)
    at processTicksAndRejections (internal/process/task_queues.js:82:21) {
  code: 'EADDRINUSE',
  errno: -98,
  syscall: 'listen',
  address: '162.0.217.156',
  port: 21098
}
events.js:377
      throw er; // Unhandled 'error' event
      ^

Error: listen EADDRINUSE: address already in use 162.0.217.156:21098
    at Server.setupListenHandle [as _listen2] (net.js:1331:16)
    at listenInCluster (net.js:1379:12)
    at GetAddrInfoReqWrap.doListen [as callback] (net.js:1516:7)
    at GetAddrInfoReqWrap.onlookup [as oncomplete] (dns.js:73:8)
Emitted 'error' event on Server instance at:
    at emitErrorNT (net.js:1358:8)
    at processTicksAndRejections (internal/process/task_queues.js:82:21) {
  code: 'EADDRINUSE',
  errno: -98,
  syscall: 'listen',
  address: '162.0.217.156',
  port: 21098
}
events.js:377
      throw er; // Unhandled 'error' event
      ^

Error: listen EADDRINUSE: address already in use 162.0.217.156:21098
    at Server.setupListenHandle [as _listen2] (net.js:1331:16)
    at listenInCluster (net.js:1379:12)
    at GetAddrInfoReqWrap.doListen [as callback] (net.js:1516:7)
    at GetAddrInfoReqWrap.onlookup [as oncomplete] (dns.js:73:8)
Emitted 'error' event on Server instance at:
    at emitErrorNT (net.js:1358:8)
    at processTicksAndRejections (internal/process/task_queues.js:82:21) {
  code: 'EADDRINUSE',
  errno: -98,
  syscall: 'listen',
  address: '162.0.217.156',
  port: 21098
}
events.js:377
      throw er; // Unhandled 'error' event
      ^

Error: listen EADDRINUSE: address already in use 162.0.217.156:21098
    at Server.setupListenHandle [as _listen2] (net.js:1331:16)
    at listenInCluster (net.js:1379:12)
    at GetAddrInfoReqWrap.doListen [as callback] (net.js:1516:7)
    at GetAddrInfoReqWrap.onlookup [as oncomplete] (dns.js:73:8)
Emitted 'error' event on Server instance at:
    at emitErrorNT (net.js:1358:8)
    at processTicksAndRejections (internal/process/task_queues.js:82:21) {
  code: 'EADDRINUSE',
  errno: -98,
  syscall: 'listen',
  address: '162.0.217.156',
  port: 21098
}
events.js:377
      throw er; // Unhandled 'error' event
      ^

Error: listen EADDRINUSE: address already in use 162.0.217.156:21098
    at Server.setupListenHandle [as _listen2] (net.js:1331:16)
    at listenInCluster (net.js:1379:12)
    at GetAddrInfoReqWrap.doListen [as callback] (net.js:1516:7)
    at GetAddrInfoReqWrap.onlookup [as oncomplete] (dns.js:73:8)
Emitted 'error' event on Server instance at:
    at emitErrorNT (net.js:1358:8)
    at processTicksAndRejections (internal/process/task_queues.js:82:21) {
  code: 'EADDRINUSE',
  errno: -98,
  syscall: 'listen',
  address: '162.0.217.156',
  port: 21098
}
events.js:377
      throw er; // Unhandled 'error' event
      ^

Error: listen EADDRINUSE: address already in use 162.0.217.156:21098
    at Server.setupListenHandle [as _listen2] (net.js:1331:16)
    at listenInCluster (net.js:1379:12)
    at GetAddrInfoReqWrap.doListen [as callback] (net.js:1516:7)
    at GetAddrInfoReqWrap.onlookup [as oncomplete] (dns.js:73:8)
Emitted 'error' event on Server instance at:
    at emitErrorNT (net.js:1358:8)
    at processTicksAndRejections (internal/process/task_queues.js:82:21) {
  code: 'EADDRINUSE',
  errno: -98,
  syscall: 'listen',
  address: '162.0.217.156',
  port: 21098
}
